<?xml version="1.0" encoding="UTF-8" ?>
<testsuite tests="1" failures="0" name="TestRunner" time="0.718" errors="1" skipped="0">
  <properties>
[...]
</properties>
  <testcase classname="[posts/post] Get post" name="[1:3] get post list" time="0.718">
    <error message="http call failed after 686 milliseconds for url: https://jsonplaceholder.typicode.com/posts
classpath:posts/post.feature:6" type="com.intuit.karate.KarateException">com.intuit.karate.KarateException: http call failed after 686 milliseconds for url: https://jsonplaceholder.typicode.com/posts
classpath:posts/post.feature:6
	at &lt;feature&gt;.: When method get (classpath:posts/post.feature:6:6)
</error>
    <system-out>11:14:25.183 [main] DEBUG com.intuit.karate.Suite - [config] classpath:karate-config.js
11:14:26.923 [main] DEBUG com.intuit.karate - request:
1 &gt; GET https://jsonplaceholder.typicode.com/posts
1 &gt; Host: jsonplaceholder.typicode.com
1 &gt; Connection: Keep-Alive
1 &gt; User-Agent: Apache-HttpClient/4.5.13 (Java/1.8.0_301)
1 &gt; Accept-Encoding: gzip,deflate


11:14:27.245 [main] ERROR com.intuit.karate - javax.net.ssl.SSLHandshakeException: Received fatal alert: decode_error, http call failed after 686 milliseconds for url: https://jsonplaceholder.typicode.com/posts
11:14:27.246 [main] ERROR com.intuit.karate - classpath:posts/post.feature:6
When method get
http call failed after 686 milliseconds for url: https://jsonplaceholder.typicode.com/posts
classpath:posts/post.feature:6
</system-out>
  </testcase>
</testsuite>